07-07-2016 @ 11:19:05 - Queuing 2.6.0 - wc_update_260_options
07-07-2016 @ 11:19:05 - Queuing 2.6.0 - wc_update_260_termmeta
07-07-2016 @ 11:19:05 - Queuing 2.6.0 - wc_update_260_zones
07-07-2016 @ 11:19:05 - Queuing 2.6.0 - wc_update_260_zone_methods
07-07-2016 @ 11:19:05 - Queuing 2.6.0 - wc_update_260_refunds
07-07-2016 @ 11:19:05 - Queuing 2.6.0 - wc_update_260_db_version
07-07-2016 @ 11:19:06 - Unable to dispatch WooCommerce updater: Operation timed out after 1000 milliseconds with 0 bytes received
07-07-2016 @ 11:19:07 - Running wc_update_260_options callback
07-07-2016 @ 11:19:07 - Finished wc_update_260_options callback
07-07-2016 @ 11:19:07 - Running wc_update_260_termmeta callback
07-07-2016 @ 11:19:07 - Finished wc_update_260_termmeta callback
07-07-2016 @ 11:19:07 - Running wc_update_260_zones callback
07-07-2016 @ 11:19:07 - Finished wc_update_260_zones callback
07-07-2016 @ 11:19:07 - Running wc_update_260_zone_methods callback
07-07-2016 @ 11:19:07 - Finished wc_update_260_zone_methods callback
07-07-2016 @ 11:19:07 - Running wc_update_260_refunds callback
07-07-2016 @ 11:19:07 - Finished wc_update_260_refunds callback
07-07-2016 @ 11:19:07 - Running wc_update_260_db_version callback
07-07-2016 @ 11:19:07 - Finished wc_update_260_db_version callback
07-07-2016 @ 11:19:07 - Data update complete
2017-04-13T18:20:06+00:00 INFO Queuing 3.0.0 - wc_update_300_webhooks
2017-04-13T18:20:06+00:00 INFO Queuing 3.0.0 - wc_update_300_grouped_products
2017-04-13T18:20:06+00:00 INFO Queuing 3.0.0 - wc_update_300_settings
2017-04-13T18:20:06+00:00 INFO Queuing 3.0.0 - wc_update_300_product_visibility
2017-04-13T18:20:06+00:00 INFO Queuing 3.0.0 - wc_update_300_db_version
2017-04-13T18:20:07+00:00 INFO Running wc_update_300_webhooks callback
2017-04-13T18:20:07+00:00 INFO Finished wc_update_300_webhooks callback
2017-04-13T18:20:07+00:00 INFO Running wc_update_300_grouped_products callback
2017-04-13T18:20:07+00:00 INFO Finished wc_update_300_grouped_products callback
2017-04-13T18:20:07+00:00 INFO Running wc_update_300_settings callback
2017-04-13T18:20:07+00:00 INFO Finished wc_update_300_settings callback
2017-04-13T18:20:07+00:00 INFO Running wc_update_300_product_visibility callback
2017-04-13T18:20:07+00:00 INFO Finished wc_update_300_product_visibility callback
2017-04-13T18:20:07+00:00 INFO Running wc_update_300_db_version callback
2017-04-13T18:20:07+00:00 INFO Finished wc_update_300_db_version callback
2017-04-13T18:20:07+00:00 INFO Data update complete
